This file contains any messages produced by compilers while
running configure, to aid debugging if configure makes a mistake.

It was created by 1 configure 2, which was
generated by GNU Autoconf 2.69.  Invocation command line was

  $ ./configure --host=x86_64-rumprun-netbsd

## --------- ##
## Platform. ##
## --------- ##

hostname = jksun-HP-Pavilion-g6-Notebook-PC
uname -m = x86_64
uname -r = 4.15.0-70-generic
uname -s = Linux
uname -v = #79-Ubuntu SMP Tue Nov 12 10:36:11 UTC 2019

/usr/bin/uname -p = unknown
/bin/uname -X     = unknown

/bin/arch              = unknown
/usr/bin/arch -k       = unknown
/usr/convex/getsysinfo = unknown
/usr/bin/hostinfo      = unknown
/bin/machine           = unknown
/usr/bin/oslevel       = unknown
/bin/universe          = unknown

PATH: /usr/lib/jvm/java-8-openjdk-amd64/jre/bin/jre/bin
PATH: /usr/local/sbin
PATH: /usr/local/bin
PATH: /usr/sbin
PATH: /usr/bin
PATH: /sbin
PATH: /bin
PATH: /usr/games
PATH: /usr/local/games
PATH: /home/jksun/rumprun/rumprun/bin


## ----------- ##
## Core tests. ##
## ----------- ##

configure:1860: checking build system type
configure:1874: result: x86_64-pc-linux-gnu
configure:1894: checking host system type
configure:1907: result: x86_64-rumprun-netbsd
configure:1927: checking target system type
configure:1940: result: x86_64-rumprun-netbsd
configure:1983: checking for a BSD-compatible install
configure:2051: result: /usr/bin/install -c
configure:2062: checking whether build environment is sane
configure:2117: result: yes
configure:2176: checking for x86_64-rumprun-netbsd-strip
configure:2192: found /home/jksun/rumprun/rumprun/bin/x86_64-rumprun-netbsd-strip
configure:2203: result: x86_64-rumprun-netbsd-strip
configure:2268: checking for a thread-safe mkdir -p
configure:2307: result: /bin/mkdir -p
configure:2314: checking for gawk
configure:2344: result: no
configure:2314: checking for mawk
configure:2330: found /usr/bin/mawk
configure:2341: result: mawk
configure:2352: checking whether make sets $(MAKE)
configure:2374: result: yes
configure:2403: checking whether make supports nested variables
configure:2420: result: yes
configure:2547: checking whether to enable maintainer-specific portions of Makefiles
configure:2556: result: no
configure:2578: checking for x86_64-rumprun-netbsd-gcc
configure:2594: found /home/jksun/rumprun/rumprun/bin/x86_64-rumprun-netbsd-gcc
configure:2605: result: x86_64-rumprun-netbsd-gcc
configure:2874: checking for C compiler version
configure:2883: x86_64-rumprun-netbsd-gcc --version >&5
cc (Ubuntu 7.4.0-1ubuntu1~18.04.1) 7.4.0
Copyright (C) 2017 Free Software Foundation, Inc.
This is free software; see the source for copying conditions.  There is NO
warranty; not even for MERCHANTABILITY or FITNESS FOR A PARTICULAR PURPOSE.

configure:2894: $? = 0
configure:2883: x86_64-rumprun-netbsd-gcc -v >&5
Using built-in specs.
Reading specs from /home/jksun/rumprun/./rumprun/rumprun-x86_64/lib/specs-compile_or_ferment
rename spec cpp_options to old_cpp_options
rename spec cc1_options to old_cc1_options
rename spec link_libgcc to old_link_libgcc
rename spec libgcc to old_libgcc
COLLECT_GCC=/usr/bin/cc
COLLECT_LTO_WRAPPER=/usr/lib/gcc/x86_64-linux-gnu/7/lto-wrapper
OFFLOAD_TARGET_NAMES=nvptx-none
OFFLOAD_TARGET_DEFAULT=1
... rest of stderr output deleted ...
configure:2894: $? = 1
configure:2883: x86_64-rumprun-netbsd-gcc -V >&5
cc: error: unrecognized command line option '-V'
configure:2894: $? = 1
configure:2883: x86_64-rumprun-netbsd-gcc -qversion >&5
cc: error: unrecognized command line option '-qversion'; did you mean '--version'?
configure:2894: $? = 1
configure:2914: checking whether the C compiler works
configure:2936: x86_64-rumprun-netbsd-gcc    conftest.c  >&5
configure:2940: $? = 0
configure:2988: result: yes
configure:2991: checking for C compiler default output file name
configure:2993: result: a.out
configure:2999: checking for suffix of executables
configure:3006: x86_64-rumprun-netbsd-gcc -o conftest    conftest.c  >&5
configure:3010: $? = 0
configure:3032: result: 
configure:3054: checking whether we are cross compiling
configure:3062: x86_64-rumprun-netbsd-gcc -o conftest    conftest.c  >&5
configure:3066: $? = 0
configure:3073: ./conftest
./configure: line 3075: ./conftest: cannot execute binary file: Exec format error
configure:3077: $? = 126
configure:3092: result: yes
configure:3097: checking for suffix of object files
configure:3119: x86_64-rumprun-netbsd-gcc -c   conftest.c >&5
configure:3123: $? = 0
configure:3144: result: o
configure:3148: checking whether we are using the GNU C compiler
configure:3167: x86_64-rumprun-netbsd-gcc -c   conftest.c >&5
configure:3167: $? = 0
configure:3176: result: yes
configure:3185: checking whether x86_64-rumprun-netbsd-gcc accepts -g
configure:3205: x86_64-rumprun-netbsd-gcc -c -g  conftest.c >&5
configure:3205: $? = 0
configure:3246: result: yes
configure:3263: checking for x86_64-rumprun-netbsd-gcc option to accept ISO C89
configure:3326: x86_64-rumprun-netbsd-gcc  -c -g -O2  conftest.c >&5
configure:3326: $? = 0
configure:3339: result: none needed
configure:3364: checking whether x86_64-rumprun-netbsd-gcc understands -c and -o together
configure:3386: x86_64-rumprun-netbsd-gcc -c conftest.c -o conftest2.o
configure:3389: $? = 0
configure:3386: x86_64-rumprun-netbsd-gcc -c conftest.c -o conftest2.o
configure:3389: $? = 0
configure:3401: result: yes
configure:3429: checking for style of include used by make
configure:3457: result: GNU
configure:3483: checking dependency style of x86_64-rumprun-netbsd-gcc
configure:3594: result: gcc3
configure:3610: checking whether x86_64-rumprun-netbsd-gcc and cc understand -c and -o together
configure:3641: x86_64-rumprun-netbsd-gcc -c conftest.c -o conftest2.o >&5
configure:3645: $? = 0
configure:3651: x86_64-rumprun-netbsd-gcc -c conftest.c -o conftest2.o >&5
configure:3655: $? = 0
configure:3666: cc -c conftest.c >&5
configure:3670: $? = 0
configure:3678: cc -c conftest.c -o conftest2.o >&5
configure:3682: $? = 0
configure:3688: cc -c conftest.c -o conftest2.o >&5
configure:3692: $? = 0
configure:3710: result: yes
configure:3832: checking that generated files are newer than configure
configure:3838: result: done
configure:3865: creating ./config.status

## ---------------------- ##
## Running config.status. ##
## ---------------------- ##

This file was extended by 1 config.status 2, which was
generated by GNU Autoconf 2.69.  Invocation command line was

  CONFIG_FILES    = 
  CONFIG_HEADERS  = 
  CONFIG_LINKS    = 
  CONFIG_COMMANDS = 
  $ ./config.status 

on jksun-HP-Pavilion-g6-Notebook-PC

config.status:855: creating Makefile
config.status:855: creating config.h
config.status:1084: executing depfiles commands

## ---------------- ##
## Cache variables. ##
## ---------------- ##

ac_cv_build=x86_64-pc-linux-gnu
ac_cv_c_compiler_gnu=yes
ac_cv_env_CC_set=
ac_cv_env_CC_value=
ac_cv_env_CFLAGS_set=
ac_cv_env_CFLAGS_value=
ac_cv_env_CPPFLAGS_set=
ac_cv_env_CPPFLAGS_value=
ac_cv_env_LDFLAGS_set=
ac_cv_env_LDFLAGS_value=
ac_cv_env_LIBS_set=
ac_cv_env_LIBS_value=
ac_cv_env_build_alias_set=
ac_cv_env_build_alias_value=
ac_cv_env_host_alias_set=set
ac_cv_env_host_alias_value=x86_64-rumprun-netbsd
ac_cv_env_target_alias_set=
ac_cv_env_target_alias_value=
ac_cv_host=x86_64-rumprun-netbsd
ac_cv_objext=o
ac_cv_path_install='/usr/bin/install -c'
ac_cv_path_mkdir=/bin/mkdir
ac_cv_prog_AWK=mawk
ac_cv_prog_CC=x86_64-rumprun-netbsd-gcc
ac_cv_prog_STRIP=x86_64-rumprun-netbsd-strip
ac_cv_prog_cc_c89=
ac_cv_prog_cc_g=yes
ac_cv_prog_cc_x86_64_rumprun_netbsd_gcc_c_o=yes
ac_cv_prog_make_make_set=yes
ac_cv_target=x86_64-rumprun-netbsd
am_cv_CC_dependencies_compiler_type=gcc3
am_cv_make_support_nested_variables=yes
am_cv_prog_cc_c_o=yes

## ----------------- ##
## Output variables. ##
## ----------------- ##

ACLOCAL='${SHELL} /home/jksun/testrump/helo/build-aux/missing aclocal-1.15'
AMDEPBACKSLASH='\'
AMDEP_FALSE='#'
AMDEP_TRUE=''
AMTAR='$${TAR-tar}'
AM_BACKSLASH='\'
AM_DEFAULT_V='$(AM_DEFAULT_VERBOSITY)'
AM_DEFAULT_VERBOSITY='1'
AM_V='$(V)'
AUTOCONF='${SHELL} /home/jksun/testrump/helo/build-aux/missing autoconf'
AUTOHEADER='${SHELL} /home/jksun/testrump/helo/build-aux/missing autoheader'
AUTOMAKE='${SHELL} /home/jksun/testrump/helo/build-aux/missing automake-1.15'
AWK='mawk'
CC='x86_64-rumprun-netbsd-gcc'
CCDEPMODE='depmode=gcc3'
CFLAGS='-g -O2'
CPPFLAGS=''
CYGPATH_W='echo'
DEFS='-DHAVE_CONFIG_H'
DEPDIR='.deps'
ECHO_C=''
ECHO_N='-n'
ECHO_T=''
EXEEXT=''
INSTALL_DATA='${INSTALL} -m 644'
INSTALL_PROGRAM='${INSTALL}'
INSTALL_SCRIPT='${INSTALL}'
INSTALL_STRIP_PROGRAM='$(install_sh) -c -s'
LDFLAGS=''
LIBOBJS=''
LIBS=''
LTLIBOBJS=''
MAINT='#'
MAINTAINER_MODE_FALSE=''
MAINTAINER_MODE_TRUE='#'
MAKEINFO='${SHELL} /home/jksun/testrump/helo/build-aux/missing makeinfo'
MKDIR_P='/bin/mkdir -p'
OBJEXT='o'
PACKAGE='1'
PACKAGE_BUGREPORT='3'
PACKAGE_NAME='1'
PACKAGE_STRING='1 2'
PACKAGE_TARNAME='1'
PACKAGE_URL=''
PACKAGE_VERSION='2'
PATH_SEPARATOR=':'
SET_MAKE=''
SHELL='/bin/bash'
STRIP='x86_64-rumprun-netbsd-strip'
VERSION='2'
ac_ct_CC=''
am__EXEEXT_FALSE=''
am__EXEEXT_TRUE='#'
am__fastdepCC_FALSE='#'
am__fastdepCC_TRUE=''
am__include='include'
am__isrc=''
am__leading_dot='.'
am__nodep='_no'
am__quote=''
am__tar='$${TAR-tar} chof - "$$tardir"'
am__untar='$${TAR-tar} xf -'
bindir='${exec_prefix}/bin'
build='x86_64-pc-linux-gnu'
build_alias=''
build_cpu='x86_64'
build_os='linux-gnu'
build_vendor='pc'
datadir='${datarootdir}'
datarootdir='${prefix}/share'
docdir='${datarootdir}/doc/${PACKAGE_TARNAME}'
dvidir='${docdir}'
exec_prefix='${prefix}'
host='x86_64-rumprun-netbsd'
host_alias='x86_64-rumprun-netbsd'
host_cpu='x86_64'
host_os='netbsd'
host_vendor='rumprun'
htmldir='${docdir}'
includedir='${prefix}/include'
infodir='${datarootdir}/info'
install_sh='${SHELL} /home/jksun/testrump/helo/build-aux/install-sh'
libdir='${exec_prefix}/lib'
libexecdir='${exec_prefix}/libexec'
localedir='${datarootdir}/locale'
localstatedir='${prefix}/var'
mandir='${datarootdir}/man'
mkdir_p='$(MKDIR_P)'
oldincludedir='/usr/include'
pdfdir='${docdir}'
prefix='/usr/local'
program_transform_name='s,x,x,'
psdir='${docdir}'
runstatedir='${localstatedir}/run'
sbindir='${exec_prefix}/sbin'
sharedstatedir='${prefix}/com'
sysconfdir='${prefix}/etc'
target='x86_64-rumprun-netbsd'
target_alias=''
target_cpu='x86_64'
target_os='netbsd'
target_vendor='rumprun'

## ----------- ##
## confdefs.h. ##
## ----------- ##

/* confdefs.h */
#define PACKAGE_NAME "1"
#define PACKAGE_TARNAME "1"
#define PACKAGE_VERSION "2"
#define PACKAGE_STRING "1 2"
#define PACKAGE_BUGREPORT "3"
#define PACKAGE_URL ""
#define PACKAGE "1"
#define VERSION "2"

configure: exit 0
