The target system is: Generic -  - 
The host system is: Linux - 4.15.0-70-generic - x86_64
Compiling the C compiler identification source file "CMakeCCompilerId.c" succeeded.
Compiler: /home/jksun/rumprun/./rumprun/bin/x86_64-rumprun-netbsd-gcc 
Build flags: 
Id flags:  

The output was:
0


Compilation of the C compiler identification source "CMakeCCompilerId.c" produced "a.out"

The C compiler identification is GNU, found in "/home/jksun/testrump/helo/rumprun_bld/CMakeFiles/3.10.2/CompilerIdC/a.out"

Compiling the CXX compiler identification source file "CMakeCXXCompilerId.cpp" succeeded.
Compiler: /home/jksun/rumprun/./rumprun/bin/x86_64-rumprun-netbsd-g++ 
Build flags: 
Id flags:  

The output was:
0


Compilation of the CXX compiler identification source "CMakeCXXCompilerId.cpp" produced "a.out"

The CXX compiler identification is GNU, found in "/home/jksun/testrump/helo/rumprun_bld/CMakeFiles/3.10.2/CompilerIdCXX/a.out"

Determining if the C compiler works passed with the following output:
Change Dir: /home/jksun/testrump/helo/rumprun_bld/CMakeFiles/CMakeTmp

Run Build Command:"/usr/bin/make" "cmTC_2c4ee/fast"
/usr/bin/make -f CMakeFiles/cmTC_2c4ee.dir/build.make CMakeFiles/cmTC_2c4ee.dir/build
make[1] : on entre dans le répertoire « /home/jksun/testrump/helo/rumprun_bld/CMakeFiles/CMakeTmp »
Building C object CMakeFiles/cmTC_2c4ee.dir/testCCompiler.c.obj
/home/jksun/rumprun/./rumprun/bin/x86_64-rumprun-netbsd-gcc    -o CMakeFiles/cmTC_2c4ee.dir/testCCompiler.c.obj   -c /home/jksun/testrump/helo/rumprun_bld/CMakeFiles/CMakeTmp/testCCompiler.c
Linking C executable cmTC_2c4ee
/usr/bin/cmake -E cmake_link_script CMakeFiles/cmTC_2c4ee.dir/link.txt --verbose=1
/home/jksun/rumprun/./rumprun/bin/x86_64-rumprun-netbsd-gcc      CMakeFiles/cmTC_2c4ee.dir/testCCompiler.c.obj  -o cmTC_2c4ee 
make[1] : on quitte le répertoire « /home/jksun/testrump/helo/rumprun_bld/CMakeFiles/CMakeTmp »


Detecting C compiler ABI info compiled with the following output:
Change Dir: /home/jksun/testrump/helo/rumprun_bld/CMakeFiles/CMakeTmp

Run Build Command:"/usr/bin/make" "cmTC_52c38/fast"
/usr/bin/make -f CMakeFiles/cmTC_52c38.dir/build.make CMakeFiles/cmTC_52c38.dir/build
make[1] : on entre dans le répertoire « /home/jksun/testrump/helo/rumprun_bld/CMakeFiles/CMakeTmp »
Building C object CMakeFiles/cmTC_52c38.dir/CMakeCCompilerABI.c.obj
/home/jksun/rumprun/./rumprun/bin/x86_64-rumprun-netbsd-gcc    -o CMakeFiles/cmTC_52c38.dir/CMakeCCompilerABI.c.obj   -c /usr/share/cmake-3.10/Modules/CMakeCCompilerABI.c
Linking C executable cmTC_52c38
/usr/bin/cmake -E cmake_link_script CMakeFiles/cmTC_52c38.dir/link.txt --verbose=1
/home/jksun/rumprun/./rumprun/bin/x86_64-rumprun-netbsd-gcc     -v CMakeFiles/cmTC_52c38.dir/CMakeCCompilerABI.c.obj  -o cmTC_52c38 
Using built-in specs.
Reading specs from /home/jksun/rumprun/./rumprun/rumprun-x86_64/lib/specs-compile_or_ferment
rename spec cpp_options to old_cpp_options
rename spec cc1_options to old_cc1_options
rename spec link_libgcc to old_link_libgcc
rename spec libgcc to old_libgcc
COLLECT_GCC=/usr/bin/cc
COLLECT_LTO_WRAPPER=/usr/lib/gcc/x86_64-linux-gnu/7/lto-wrapper
OFFLOAD_TARGET_NAMES=nvptx-none
OFFLOAD_TARGET_DEFAULT=1
Target: x86_64-linux-gnu
Configured with: ../src/configure -v --with-pkgversion='Ubuntu 7.4.0-1ubuntu1~18.04.1' --with-bugurl=file:///usr/share/doc/gcc-7/README.Bugs --enable-languages=c,ada,c++,go,brig,d,fortran,objc,obj-c++ --prefix=/usr --with-gcc-major-version-only --program-suffix=-7 --program-prefix=x86_64-linux-gnu- --enable-shared --enable-linker-build-id --libexecdir=/usr/lib --without-included-gettext --enable-threads=posix --libdir=/usr/lib --enable-nls --with-sysroot=/ --enable-clocale=gnu --enable-libstdcxx-debug --enable-libstdcxx-time=yes --with-default-libstdcxx-abi=new --enable-gnu-unique-object --disable-vtable-verify --enable-libmpx --enable-plugin --enable-default-pie --with-system-zlib --with-target-system-zlib --enable-objc-gc=auto --enable-multiarch --disable-werror --with-arch-32=i686 --with-abi=m64 --with-multilib-list=m32,m64,mx32 --enable-multilib --with-tune=generic --enable-offload-targets=nvptx-none --without-cuda-driver --enable-checking=release --build=x86_64-linux-gnu --host=x86_64-linux-gnu --target=x86_64-linux-gnu
Thread model: posix
gcc version 7.4.0 (Ubuntu 7.4.0-1ubuntu1~18.04.1) 
COLLECT_GCC_OPTIONS='-mno-red-zone' '-U' '_FORTIFY_SOURCE' '-no-integrated-cpp' '-specs=/home/jksun/rumprun/./rumprun/rumprun-x86_64/lib/specs-compile_or_ferment' '-no-pie' '-v' '-o' 'cmTC_52c38' '-mtune=generic' '-march=x86-64'
 as -v --64 -o /tmp/ccCDgQ2e.o /home/jksun/rumprun/./rumprun/rumprun-x86_64/share/x86_64-rumprun-netbsd-recipe.s
Version de l'assembleur GNU 2.30 (x86_64-linux-gnu) utilisant la version BFD (GNU Binutils for Ubuntu) 2.30
COMPILER_PATH=/usr/lib/gcc/x86_64-linux-gnu/7/:/usr/lib/gcc/x86_64-linux-gnu/7/:/usr/lib/gcc/x86_64-linux-gnu/:/usr/lib/gcc/x86_64-linux-gnu/7/:/usr/lib/gcc/x86_64-linux-gnu/
LIBRARY_PATH=/usr/lib/gcc/x86_64-linux-gnu/7/:/usr/lib/gcc/x86_64-linux-gnu/7/../../../x86_64-linux-gnu/:/usr/lib/gcc/x86_64-linux-gnu/7/../../../../lib/:/home/jksun/rumprun/./rumprun/rumprun-x86_64/lib/../lib/:/usr/lib/gcc/x86_64-linux-gnu/7/../../../:/home/jksun/rumprun/./rumprun/rumprun-x86_64/lib/
COLLECT_GCC_OPTIONS='-mno-red-zone' '-U' '_FORTIFY_SOURCE' '-no-integrated-cpp' '-specs=/home/jksun/rumprun/./rumprun/rumprun-x86_64/lib/specs-compile_or_ferment' '-no-pie' '-v' '-o' 'cmTC_52c38' '-mtune=generic' '-march=x86-64'
 /usr/lib/gcc/x86_64-linux-gnu/7/collect2 -plugin /usr/lib/gcc/x86_64-linux-gnu/7/liblto_plugin.so -plugin-opt=/usr/lib/gcc/x86_64-linux-gnu/7/lto-wrapper -plugin-opt=-fresolution=/tmp/cckhgi7p.res -z relro -o cmTC_52c38 -r -u main CMakeFiles/cmTC_52c38.dir/CMakeCCompilerABI.c.obj /tmp/ccCDgQ2e.o -L/home/jksun/rumprun/./rumprun/rumprun-x86_64/lib
COLLECT_GCC_OPTIONS='-mno-red-zone' '-U' '_FORTIFY_SOURCE' '-no-integrated-cpp' '-specs=/home/jksun/rumprun/./rumprun/rumprun-x86_64/lib/specs-compile_or_ferment' '-no-pie' '-v' '-o' 'cmTC_52c38' '-mtune=generic' '-march=x86-64'
make[1] : on quitte le répertoire « /home/jksun/testrump/helo/rumprun_bld/CMakeFiles/CMakeTmp »


Parsed C implicit link information from above output:
  link line regex: [^( *|.*[/\])(x86_64-rumprun-netbsd-ld|CMAKE_LINK_STARTFILE-NOTFOUND|([^/\]+-)?ld|collect2)[^/\]*( |$)]
  ignore line: [Change Dir: /home/jksun/testrump/helo/rumprun_bld/CMakeFiles/CMakeTmp]
  ignore line: []
  ignore line: [Run Build Command:"/usr/bin/make" "cmTC_52c38/fast"]
  ignore line: [/usr/bin/make -f CMakeFiles/cmTC_52c38.dir/build.make CMakeFiles/cmTC_52c38.dir/build]
  ignore line: [make[1] : on entre dans le répertoire « /home/jksun/testrump/helo/rumprun_bld/CMakeFiles/CMakeTmp »]
  ignore line: [Building C object CMakeFiles/cmTC_52c38.dir/CMakeCCompilerABI.c.obj]
  ignore line: [/home/jksun/rumprun/./rumprun/bin/x86_64-rumprun-netbsd-gcc    -o CMakeFiles/cmTC_52c38.dir/CMakeCCompilerABI.c.obj   -c /usr/share/cmake-3.10/Modules/CMakeCCompilerABI.c]
  ignore line: [Linking C executable cmTC_52c38]
  ignore line: [/usr/bin/cmake -E cmake_link_script CMakeFiles/cmTC_52c38.dir/link.txt --verbose=1]
  ignore line: [/home/jksun/rumprun/./rumprun/bin/x86_64-rumprun-netbsd-gcc     -v CMakeFiles/cmTC_52c38.dir/CMakeCCompilerABI.c.obj  -o cmTC_52c38 ]
  ignore line: [Using built-in specs.]
  ignore line: [Reading specs from /home/jksun/rumprun/./rumprun/rumprun-x86_64/lib/specs-compile_or_ferment]
  ignore line: [rename spec cpp_options to old_cpp_options]
  ignore line: [rename spec cc1_options to old_cc1_options]
  ignore line: [rename spec link_libgcc to old_link_libgcc]
  ignore line: [rename spec libgcc to old_libgcc]
  ignore line: [COLLECT_GCC=/usr/bin/cc]
  ignore line: [COLLECT_LTO_WRAPPER=/usr/lib/gcc/x86_64-linux-gnu/7/lto-wrapper]
  ignore line: [OFFLOAD_TARGET_NAMES=nvptx-none]
  ignore line: [OFFLOAD_TARGET_DEFAULT=1]
  ignore line: [Target: x86_64-linux-gnu]
  ignore line: [Configured with: ../src/configure -v --with-pkgversion='Ubuntu 7.4.0-1ubuntu1~18.04.1' --with-bugurl=file:///usr/share/doc/gcc-7/README.Bugs --enable-languages=c,ada,c++,go,brig,d,fortran,objc,obj-c++ --prefix=/usr --with-gcc-major-version-only --program-suffix=-7 --program-prefix=x86_64-linux-gnu- --enable-shared --enable-linker-build-id --libexecdir=/usr/lib --without-included-gettext --enable-threads=posix --libdir=/usr/lib --enable-nls --with-sysroot=/ --enable-clocale=gnu --enable-libstdcxx-debug --enable-libstdcxx-time=yes --with-default-libstdcxx-abi=new --enable-gnu-unique-object --disable-vtable-verify --enable-libmpx --enable-plugin --enable-default-pie --with-system-zlib --with-target-system-zlib --enable-objc-gc=auto --enable-multiarch --disable-werror --with-arch-32=i686 --with-abi=m64 --with-multilib-list=m32,m64,mx32 --enable-multilib --with-tune=generic --enable-offload-targets=nvptx-none --without-cuda-driver --enable-checking=release --build=x86_64-linux-gnu --host=x86_64-linux-gnu --target=x86_64-linux-gnu]
  ignore line: [Thread model: posix]
  ignore line: [gcc version 7.4.0 (Ubuntu 7.4.0-1ubuntu1~18.04.1) ]
  ignore line: [COLLECT_GCC_OPTIONS='-mno-red-zone' '-U' '_FORTIFY_SOURCE' '-no-integrated-cpp' '-specs=/home/jksun/rumprun/./rumprun/rumprun-x86_64/lib/specs-compile_or_ferment' '-no-pie' '-v' '-o' 'cmTC_52c38' '-mtune=generic' '-march=x86-64']
  ignore line: [ as -v --64 -o /tmp/ccCDgQ2e.o /home/jksun/rumprun/./rumprun/rumprun-x86_64/share/x86_64-rumprun-netbsd-recipe.s]
  ignore line: [Version de l'assembleur GNU 2.30 (x86_64-linux-gnu) utilisant la version BFD (GNU Binutils for Ubuntu) 2.30]
  ignore line: [COMPILER_PATH=/usr/lib/gcc/x86_64-linux-gnu/7/:/usr/lib/gcc/x86_64-linux-gnu/7/:/usr/lib/gcc/x86_64-linux-gnu/:/usr/lib/gcc/x86_64-linux-gnu/7/:/usr/lib/gcc/x86_64-linux-gnu/]
  ignore line: [LIBRARY_PATH=/usr/lib/gcc/x86_64-linux-gnu/7/:/usr/lib/gcc/x86_64-linux-gnu/7/../../../x86_64-linux-gnu/:/usr/lib/gcc/x86_64-linux-gnu/7/../../../../lib/:/home/jksun/rumprun/./rumprun/rumprun-x86_64/lib/../lib/:/usr/lib/gcc/x86_64-linux-gnu/7/../../../:/home/jksun/rumprun/./rumprun/rumprun-x86_64/lib/]
  ignore line: [COLLECT_GCC_OPTIONS='-mno-red-zone' '-U' '_FORTIFY_SOURCE' '-no-integrated-cpp' '-specs=/home/jksun/rumprun/./rumprun/rumprun-x86_64/lib/specs-compile_or_ferment' '-no-pie' '-v' '-o' 'cmTC_52c38' '-mtune=generic' '-march=x86-64']
  link line: [ /usr/lib/gcc/x86_64-linux-gnu/7/collect2 -plugin /usr/lib/gcc/x86_64-linux-gnu/7/liblto_plugin.so -plugin-opt=/usr/lib/gcc/x86_64-linux-gnu/7/lto-wrapper -plugin-opt=-fresolution=/tmp/cckhgi7p.res -z relro -o cmTC_52c38 -r -u main CMakeFiles/cmTC_52c38.dir/CMakeCCompilerABI.c.obj /tmp/ccCDgQ2e.o -L/home/jksun/rumprun/./rumprun/rumprun-x86_64/lib]
    arg [/usr/lib/gcc/x86_64-linux-gnu/7/collect2] ==> ignore
    arg [-plugin] ==> ignore
    arg [/usr/lib/gcc/x86_64-linux-gnu/7/liblto_plugin.so] ==> ignore
    arg [-plugin-opt=/usr/lib/gcc/x86_64-linux-gnu/7/lto-wrapper] ==> ignore
    arg [-plugin-opt=-fresolution=/tmp/cckhgi7p.res] ==> ignore
    arg [-zrelro] ==> ignore
    arg [-o] ==> ignore
    arg [cmTC_52c38] ==> ignore
    arg [-r] ==> ignore
    arg [-u] ==> ignore
    arg [main] ==> ignore
    arg [CMakeFiles/cmTC_52c38.dir/CMakeCCompilerABI.c.obj] ==> ignore
    arg [/tmp/ccCDgQ2e.o] ==> ignore
    arg [-L/home/jksun/rumprun/./rumprun/rumprun-x86_64/lib] ==> dir [/home/jksun/rumprun/./rumprun/rumprun-x86_64/lib]
  collapse library dir [/home/jksun/rumprun/./rumprun/rumprun-x86_64/lib] ==> [/home/jksun/rumprun/rumprun/rumprun-x86_64/lib]
  implicit libs: []
  implicit dirs: [/home/jksun/rumprun/rumprun/rumprun-x86_64/lib]
  implicit fwks: []




Detecting C [-std=c11] compiler features compiled with the following output:
Change Dir: /home/jksun/testrump/helo/rumprun_bld/CMakeFiles/CMakeTmp

Run Build Command:"/usr/bin/make" "cmTC_48c87/fast"
/usr/bin/make -f CMakeFiles/cmTC_48c87.dir/build.make CMakeFiles/cmTC_48c87.dir/build
make[1] : on entre dans le répertoire « /home/jksun/testrump/helo/rumprun_bld/CMakeFiles/CMakeTmp »
Building C object CMakeFiles/cmTC_48c87.dir/feature_tests.c.obj
/home/jksun/rumprun/./rumprun/bin/x86_64-rumprun-netbsd-gcc   -std=c11 -o CMakeFiles/cmTC_48c87.dir/feature_tests.c.obj   -c /home/jksun/testrump/helo/rumprun_bld/CMakeFiles/feature_tests.c
Linking C executable cmTC_48c87
/usr/bin/cmake -E cmake_link_script CMakeFiles/cmTC_48c87.dir/link.txt --verbose=1
/home/jksun/rumprun/./rumprun/bin/x86_64-rumprun-netbsd-gcc      CMakeFiles/cmTC_48c87.dir/feature_tests.c.obj  -o cmTC_48c87 
make[1] : on quitte le répertoire « /home/jksun/testrump/helo/rumprun_bld/CMakeFiles/CMakeTmp »


    Feature record: C_FEATURE:1c_function_prototypes
    Feature record: C_FEATURE:1c_restrict
    Feature record: C_FEATURE:1c_static_assert
    Feature record: C_FEATURE:1c_variadic_macros


Detecting C [-std=c99] compiler features compiled with the following output:
Change Dir: /home/jksun/testrump/helo/rumprun_bld/CMakeFiles/CMakeTmp

Run Build Command:"/usr/bin/make" "cmTC_ebf5b/fast"
/usr/bin/make -f CMakeFiles/cmTC_ebf5b.dir/build.make CMakeFiles/cmTC_ebf5b.dir/build
make[1] : on entre dans le répertoire « /home/jksun/testrump/helo/rumprun_bld/CMakeFiles/CMakeTmp »
Building C object CMakeFiles/cmTC_ebf5b.dir/feature_tests.c.obj
/home/jksun/rumprun/./rumprun/bin/x86_64-rumprun-netbsd-gcc   -std=c99 -o CMakeFiles/cmTC_ebf5b.dir/feature_tests.c.obj   -c /home/jksun/testrump/helo/rumprun_bld/CMakeFiles/feature_tests.c
Linking C executable cmTC_ebf5b
/usr/bin/cmake -E cmake_link_script CMakeFiles/cmTC_ebf5b.dir/link.txt --verbose=1
/home/jksun/rumprun/./rumprun/bin/x86_64-rumprun-netbsd-gcc      CMakeFiles/cmTC_ebf5b.dir/feature_tests.c.obj  -o cmTC_ebf5b 
make[1] : on quitte le répertoire « /home/jksun/testrump/helo/rumprun_bld/CMakeFiles/CMakeTmp »


    Feature record: C_FEATURE:1c_function_prototypes
    Feature record: C_FEATURE:1c_restrict
    Feature record: C_FEATURE:0c_static_assert
    Feature record: C_FEATURE:1c_variadic_macros


Detecting C [-std=c90] compiler features compiled with the following output:
Change Dir: /home/jksun/testrump/helo/rumprun_bld/CMakeFiles/CMakeTmp

Run Build Command:"/usr/bin/make" "cmTC_346d2/fast"
/usr/bin/make -f CMakeFiles/cmTC_346d2.dir/build.make CMakeFiles/cmTC_346d2.dir/build
make[1] : on entre dans le répertoire « /home/jksun/testrump/helo/rumprun_bld/CMakeFiles/CMakeTmp »
Building C object CMakeFiles/cmTC_346d2.dir/feature_tests.c.obj
/home/jksun/rumprun/./rumprun/bin/x86_64-rumprun-netbsd-gcc   -std=c90 -o CMakeFiles/cmTC_346d2.dir/feature_tests.c.obj   -c /home/jksun/testrump/helo/rumprun_bld/CMakeFiles/feature_tests.c
Linking C executable cmTC_346d2
/usr/bin/cmake -E cmake_link_script CMakeFiles/cmTC_346d2.dir/link.txt --verbose=1
/home/jksun/rumprun/./rumprun/bin/x86_64-rumprun-netbsd-gcc      CMakeFiles/cmTC_346d2.dir/feature_tests.c.obj  -o cmTC_346d2 
make[1] : on quitte le répertoire « /home/jksun/testrump/helo/rumprun_bld/CMakeFiles/CMakeTmp »


    Feature record: C_FEATURE:1c_function_prototypes
    Feature record: C_FEATURE:0c_restrict
    Feature record: C_FEATURE:0c_static_assert
    Feature record: C_FEATURE:0c_variadic_macros
Determining if the CXX compiler works passed with the following output:
Change Dir: /home/jksun/testrump/helo/rumprun_bld/CMakeFiles/CMakeTmp

Run Build Command:"/usr/bin/make" "cmTC_47bed/fast"
/usr/bin/make -f CMakeFiles/cmTC_47bed.dir/build.make CMakeFiles/cmTC_47bed.dir/build
make[1] : on entre dans le répertoire « /home/jksun/testrump/helo/rumprun_bld/CMakeFiles/CMakeTmp »
Building CXX object CMakeFiles/cmTC_47bed.dir/testCXXCompiler.cxx.obj
/home/jksun/rumprun/./rumprun/bin/x86_64-rumprun-netbsd-g++     -o CMakeFiles/cmTC_47bed.dir/testCXXCompiler.cxx.obj -c /home/jksun/testrump/helo/rumprun_bld/CMakeFiles/CMakeTmp/testCXXCompiler.cxx
Linking CXX executable cmTC_47bed
/usr/bin/cmake -E cmake_link_script CMakeFiles/cmTC_47bed.dir/link.txt --verbose=1
/home/jksun/rumprun/./rumprun/bin/x86_64-rumprun-netbsd-g++       CMakeFiles/cmTC_47bed.dir/testCXXCompiler.cxx.obj  -o cmTC_47bed 
make[1] : on quitte le répertoire « /home/jksun/testrump/helo/rumprun_bld/CMakeFiles/CMakeTmp »


Detecting CXX compiler ABI info compiled with the following output:
Change Dir: /home/jksun/testrump/helo/rumprun_bld/CMakeFiles/CMakeTmp

Run Build Command:"/usr/bin/make" "cmTC_75dad/fast"
/usr/bin/make -f CMakeFiles/cmTC_75dad.dir/build.make CMakeFiles/cmTC_75dad.dir/build
make[1] : on entre dans le répertoire « /home/jksun/testrump/helo/rumprun_bld/CMakeFiles/CMakeTmp »
Building CXX object CMakeFiles/cmTC_75dad.dir/CMakeCXXCompilerABI.cpp.obj
/home/jksun/rumprun/./rumprun/bin/x86_64-rumprun-netbsd-g++     -o CMakeFiles/cmTC_75dad.dir/CMakeCXXCompilerABI.cpp.obj -c /usr/share/cmake-3.10/Modules/CMakeCXXCompilerABI.cpp
Linking CXX executable cmTC_75dad
/usr/bin/cmake -E cmake_link_script CMakeFiles/cmTC_75dad.dir/link.txt --verbose=1
/home/jksun/rumprun/./rumprun/bin/x86_64-rumprun-netbsd-g++      -v CMakeFiles/cmTC_75dad.dir/CMakeCXXCompilerABI.cpp.obj  -o cmTC_75dad 
Using built-in specs.
Reading specs from /home/jksun/rumprun/./rumprun/rumprun-x86_64/lib/specs-compile_or_ferment
rename spec cpp_options to old_cpp_options
rename spec cc1_options to old_cc1_options
rename spec link_libgcc to old_link_libgcc
rename spec libgcc to old_libgcc
COLLECT_GCC=/usr/bin/c++
COLLECT_LTO_WRAPPER=/usr/lib/gcc/x86_64-linux-gnu/7/lto-wrapper
OFFLOAD_TARGET_NAMES=nvptx-none
OFFLOAD_TARGET_DEFAULT=1
Target: x86_64-linux-gnu
Configured with: ../src/configure -v --with-pkgversion='Ubuntu 7.4.0-1ubuntu1~18.04.1' --with-bugurl=file:///usr/share/doc/gcc-7/README.Bugs --enable-languages=c,ada,c++,go,brig,d,fortran,objc,obj-c++ --prefix=/usr --with-gcc-major-version-only --program-suffix=-7 --program-prefix=x86_64-linux-gnu- --enable-shared --enable-linker-build-id --libexecdir=/usr/lib --without-included-gettext --enable-threads=posix --libdir=/usr/lib --enable-nls --with-sysroot=/ --enable-clocale=gnu --enable-libstdcxx-debug --enable-libstdcxx-time=yes --with-default-libstdcxx-abi=new --enable-gnu-unique-object --disable-vtable-verify --enable-libmpx --enable-plugin --enable-default-pie --with-system-zlib --with-target-system-zlib --enable-objc-gc=auto --enable-multiarch --disable-werror --with-arch-32=i686 --with-abi=m64 --with-multilib-list=m32,m64,mx32 --enable-multilib --with-tune=generic --enable-offload-targets=nvptx-none --without-cuda-driver --enable-checking=release --build=x86_64-linux-gnu --host=x86_64-linux-gnu --target=x86_64-linux-gnu
Thread model: posix
gcc version 7.4.0 (Ubuntu 7.4.0-1ubuntu1~18.04.1) 
COLLECT_GCC_OPTIONS='-mno-red-zone' '-U' '_FORTIFY_SOURCE' '-no-integrated-cpp' '-specs=/home/jksun/rumprun/./rumprun/rumprun-x86_64/lib/specs-compile_or_ferment' '-no-pie' '-v' '-o' 'cmTC_75dad' '-shared-libgcc' '-mtune=generic' '-march=x86-64'
 as -v --64 -o /tmp/ccU68xg3.o /home/jksun/rumprun/./rumprun/rumprun-x86_64/share/x86_64-rumprun-netbsd-recipe.s
Version de l'assembleur GNU 2.30 (x86_64-linux-gnu) utilisant la version BFD (GNU Binutils for Ubuntu) 2.30
COMPILER_PATH=/usr/lib/gcc/x86_64-linux-gnu/7/:/usr/lib/gcc/x86_64-linux-gnu/7/:/usr/lib/gcc/x86_64-linux-gnu/:/usr/lib/gcc/x86_64-linux-gnu/7/:/usr/lib/gcc/x86_64-linux-gnu/
LIBRARY_PATH=/usr/lib/gcc/x86_64-linux-gnu/7/:/usr/lib/gcc/x86_64-linux-gnu/7/../../../x86_64-linux-gnu/:/usr/lib/gcc/x86_64-linux-gnu/7/../../../../lib/:/home/jksun/rumprun/./rumprun/rumprun-x86_64/lib/../lib/:/usr/lib/gcc/x86_64-linux-gnu/7/../../../:/home/jksun/rumprun/./rumprun/rumprun-x86_64/lib/
COLLECT_GCC_OPTIONS='-mno-red-zone' '-U' '_FORTIFY_SOURCE' '-no-integrated-cpp' '-specs=/home/jksun/rumprun/./rumprun/rumprun-x86_64/lib/specs-compile_or_ferment' '-no-pie' '-v' '-o' 'cmTC_75dad' '-shared-libgcc' '-mtune=generic' '-march=x86-64'
 /usr/lib/gcc/x86_64-linux-gnu/7/collect2 -plugin /usr/lib/gcc/x86_64-linux-gnu/7/liblto_plugin.so -plugin-opt=/usr/lib/gcc/x86_64-linux-gnu/7/lto-wrapper -plugin-opt=-fresolution=/tmp/ccpyWjlg.res -z relro -o cmTC_75dad -r -u main CMakeFiles/cmTC_75dad.dir/CMakeCXXCompilerABI.cpp.obj /tmp/ccU68xg3.o -lc++ -lunwind -lm -L/home/jksun/rumprun/./rumprun/rumprun-x86_64/lib
COLLECT_GCC_OPTIONS='-mno-red-zone' '-U' '_FORTIFY_SOURCE' '-no-integrated-cpp' '-specs=/home/jksun/rumprun/./rumprun/rumprun-x86_64/lib/specs-compile_or_ferment' '-no-pie' '-v' '-o' 'cmTC_75dad' '-shared-libgcc' '-mtune=generic' '-march=x86-64'
make[1] : on quitte le répertoire « /home/jksun/testrump/helo/rumprun_bld/CMakeFiles/CMakeTmp »


Parsed CXX implicit link information from above output:
  link line regex: [^( *|.*[/\])(x86_64-rumprun-netbsd-ld|CMAKE_LINK_STARTFILE-NOTFOUND|([^/\]+-)?ld|collect2)[^/\]*( |$)]
  ignore line: [Change Dir: /home/jksun/testrump/helo/rumprun_bld/CMakeFiles/CMakeTmp]
  ignore line: []
  ignore line: [Run Build Command:"/usr/bin/make" "cmTC_75dad/fast"]
  ignore line: [/usr/bin/make -f CMakeFiles/cmTC_75dad.dir/build.make CMakeFiles/cmTC_75dad.dir/build]
  ignore line: [make[1] : on entre dans le répertoire « /home/jksun/testrump/helo/rumprun_bld/CMakeFiles/CMakeTmp »]
  ignore line: [Building CXX object CMakeFiles/cmTC_75dad.dir/CMakeCXXCompilerABI.cpp.obj]
  ignore line: [/home/jksun/rumprun/./rumprun/bin/x86_64-rumprun-netbsd-g++     -o CMakeFiles/cmTC_75dad.dir/CMakeCXXCompilerABI.cpp.obj -c /usr/share/cmake-3.10/Modules/CMakeCXXCompilerABI.cpp]
  ignore line: [Linking CXX executable cmTC_75dad]
  ignore line: [/usr/bin/cmake -E cmake_link_script CMakeFiles/cmTC_75dad.dir/link.txt --verbose=1]
  ignore line: [/home/jksun/rumprun/./rumprun/bin/x86_64-rumprun-netbsd-g++      -v CMakeFiles/cmTC_75dad.dir/CMakeCXXCompilerABI.cpp.obj  -o cmTC_75dad ]
  ignore line: [Using built-in specs.]
  ignore line: [Reading specs from /home/jksun/rumprun/./rumprun/rumprun-x86_64/lib/specs-compile_or_ferment]
  ignore line: [rename spec cpp_options to old_cpp_options]
  ignore line: [rename spec cc1_options to old_cc1_options]
  ignore line: [rename spec link_libgcc to old_link_libgcc]
  ignore line: [rename spec libgcc to old_libgcc]
  ignore line: [COLLECT_GCC=/usr/bin/c++]
  ignore line: [COLLECT_LTO_WRAPPER=/usr/lib/gcc/x86_64-linux-gnu/7/lto-wrapper]
  ignore line: [OFFLOAD_TARGET_NAMES=nvptx-none]
  ignore line: [OFFLOAD_TARGET_DEFAULT=1]
  ignore line: [Target: x86_64-linux-gnu]
  ignore line: [Configured with: ../src/configure -v --with-pkgversion='Ubuntu 7.4.0-1ubuntu1~18.04.1' --with-bugurl=file:///usr/share/doc/gcc-7/README.Bugs --enable-languages=c,ada,c++,go,brig,d,fortran,objc,obj-c++ --prefix=/usr --with-gcc-major-version-only --program-suffix=-7 --program-prefix=x86_64-linux-gnu- --enable-shared --enable-linker-build-id --libexecdir=/usr/lib --without-included-gettext --enable-threads=posix --libdir=/usr/lib --enable-nls --with-sysroot=/ --enable-clocale=gnu --enable-libstdcxx-debug --enable-libstdcxx-time=yes --with-default-libstdcxx-abi=new --enable-gnu-unique-object --disable-vtable-verify --enable-libmpx --enable-plugin --enable-default-pie --with-system-zlib --with-target-system-zlib --enable-objc-gc=auto --enable-multiarch --disable-werror --with-arch-32=i686 --with-abi=m64 --with-multilib-list=m32,m64,mx32 --enable-multilib --with-tune=generic --enable-offload-targets=nvptx-none --without-cuda-driver --enable-checking=release --build=x86_64-linux-gnu --host=x86_64-linux-gnu --target=x86_64-linux-gnu]
  ignore line: [Thread model: posix]
  ignore line: [gcc version 7.4.0 (Ubuntu 7.4.0-1ubuntu1~18.04.1) ]
  ignore line: [COLLECT_GCC_OPTIONS='-mno-red-zone' '-U' '_FORTIFY_SOURCE' '-no-integrated-cpp' '-specs=/home/jksun/rumprun/./rumprun/rumprun-x86_64/lib/specs-compile_or_ferment' '-no-pie' '-v' '-o' 'cmTC_75dad' '-shared-libgcc' '-mtune=generic' '-march=x86-64']
  ignore line: [ as -v --64 -o /tmp/ccU68xg3.o /home/jksun/rumprun/./rumprun/rumprun-x86_64/share/x86_64-rumprun-netbsd-recipe.s]
  ignore line: [Version de l'assembleur GNU 2.30 (x86_64-linux-gnu) utilisant la version BFD (GNU Binutils for Ubuntu) 2.30]
  ignore line: [COMPILER_PATH=/usr/lib/gcc/x86_64-linux-gnu/7/:/usr/lib/gcc/x86_64-linux-gnu/7/:/usr/lib/gcc/x86_64-linux-gnu/:/usr/lib/gcc/x86_64-linux-gnu/7/:/usr/lib/gcc/x86_64-linux-gnu/]
  ignore line: [LIBRARY_PATH=/usr/lib/gcc/x86_64-linux-gnu/7/:/usr/lib/gcc/x86_64-linux-gnu/7/../../../x86_64-linux-gnu/:/usr/lib/gcc/x86_64-linux-gnu/7/../../../../lib/:/home/jksun/rumprun/./rumprun/rumprun-x86_64/lib/../lib/:/usr/lib/gcc/x86_64-linux-gnu/7/../../../:/home/jksun/rumprun/./rumprun/rumprun-x86_64/lib/]
  ignore line: [COLLECT_GCC_OPTIONS='-mno-red-zone' '-U' '_FORTIFY_SOURCE' '-no-integrated-cpp' '-specs=/home/jksun/rumprun/./rumprun/rumprun-x86_64/lib/specs-compile_or_ferment' '-no-pie' '-v' '-o' 'cmTC_75dad' '-shared-libgcc' '-mtune=generic' '-march=x86-64']
  link line: [ /usr/lib/gcc/x86_64-linux-gnu/7/collect2 -plugin /usr/lib/gcc/x86_64-linux-gnu/7/liblto_plugin.so -plugin-opt=/usr/lib/gcc/x86_64-linux-gnu/7/lto-wrapper -plugin-opt=-fresolution=/tmp/ccpyWjlg.res -z relro -o cmTC_75dad -r -u main CMakeFiles/cmTC_75dad.dir/CMakeCXXCompilerABI.cpp.obj /tmp/ccU68xg3.o -lc++ -lunwind -lm -L/home/jksun/rumprun/./rumprun/rumprun-x86_64/lib]
    arg [/usr/lib/gcc/x86_64-linux-gnu/7/collect2] ==> ignore
    arg [-plugin] ==> ignore
    arg [/usr/lib/gcc/x86_64-linux-gnu/7/liblto_plugin.so] ==> ignore
    arg [-plugin-opt=/usr/lib/gcc/x86_64-linux-gnu/7/lto-wrapper] ==> ignore
    arg [-plugin-opt=-fresolution=/tmp/ccpyWjlg.res] ==> ignore
    arg [-zrelro] ==> ignore
    arg [-o] ==> ignore
    arg [cmTC_75dad] ==> ignore
    arg [-r] ==> ignore
    arg [-u] ==> ignore
    arg [main] ==> ignore
    arg [CMakeFiles/cmTC_75dad.dir/CMakeCXXCompilerABI.cpp.obj] ==> ignore
    arg [/tmp/ccU68xg3.o] ==> ignore
    arg [-lc++] ==> lib [c++]
    arg [-lunwind] ==> lib [unwind]
    arg [-lm] ==> lib [m]
    arg [-L/home/jksun/rumprun/./rumprun/rumprun-x86_64/lib] ==> dir [/home/jksun/rumprun/./rumprun/rumprun-x86_64/lib]
  collapse library dir [/home/jksun/rumprun/./rumprun/rumprun-x86_64/lib] ==> [/home/jksun/rumprun/rumprun/rumprun-x86_64/lib]
  implicit libs: [c++;unwind;m]
  implicit dirs: [/home/jksun/rumprun/rumprun/rumprun-x86_64/lib]
  implicit fwks: []




Detecting CXX [-std=c++1z] compiler features compiled with the following output:
Change Dir: /home/jksun/testrump/helo/rumprun_bld/CMakeFiles/CMakeTmp

Run Build Command:"/usr/bin/make" "cmTC_60225/fast"
/usr/bin/make -f CMakeFiles/cmTC_60225.dir/build.make CMakeFiles/cmTC_60225.dir/build
make[1] : on entre dans le répertoire « /home/jksun/testrump/helo/rumprun_bld/CMakeFiles/CMakeTmp »
Building CXX object CMakeFiles/cmTC_60225.dir/feature_tests.cxx.obj
/home/jksun/rumprun/./rumprun/bin/x86_64-rumprun-netbsd-g++    -std=c++1z -o CMakeFiles/cmTC_60225.dir/feature_tests.cxx.obj -c /home/jksun/testrump/helo/rumprun_bld/CMakeFiles/feature_tests.cxx
Linking CXX executable cmTC_60225
/usr/bin/cmake -E cmake_link_script CMakeFiles/cmTC_60225.dir/link.txt --verbose=1
/home/jksun/rumprun/./rumprun/bin/x86_64-rumprun-netbsd-g++       CMakeFiles/cmTC_60225.dir/feature_tests.cxx.obj  -o cmTC_60225 
make[1] : on quitte le répertoire « /home/jksun/testrump/helo/rumprun_bld/CMakeFiles/CMakeTmp »


    Feature record: CXX_FEATURE:1cxx_aggregate_default_initializers
    Feature record: CXX_FEATURE:1cxx_alias_templates
    Feature record: CXX_FEATURE:1cxx_alignas
    Feature record: CXX_FEATURE:1cxx_alignof
    Feature record: CXX_FEATURE:1cxx_attributes
    Feature record: CXX_FEATURE:1cxx_attribute_deprecated
    Feature record: CXX_FEATURE:1cxx_auto_type
    Feature record: CXX_FEATURE:1cxx_binary_literals
    Feature record: CXX_FEATURE:1cxx_constexpr
    Feature record: CXX_FEATURE:1cxx_contextual_conversions
    Feature record: CXX_FEATURE:1cxx_decltype
    Feature record: CXX_FEATURE:1cxx_decltype_auto
    Feature record: CXX_FEATURE:1cxx_decltype_incomplete_return_types
    Feature record: CXX_FEATURE:1cxx_default_function_template_args
    Feature record: CXX_FEATURE:1cxx_defaulted_functions
    Feature record: CXX_FEATURE:1cxx_defaulted_move_initializers
    Feature record: CXX_FEATURE:1cxx_delegating_constructors
    Feature record: CXX_FEATURE:1cxx_deleted_functions
    Feature record: CXX_FEATURE:1cxx_digit_separators
    Feature record: CXX_FEATURE:1cxx_enum_forward_declarations
    Feature record: CXX_FEATURE:1cxx_explicit_conversions
    Feature record: CXX_FEATURE:1cxx_extended_friend_declarations
    Feature record: CXX_FEATURE:1cxx_extern_templates
    Feature record: CXX_FEATURE:1cxx_final
    Feature record: CXX_FEATURE:1cxx_func_identifier
    Feature record: CXX_FEATURE:1cxx_generalized_initializers
    Feature record: CXX_FEATURE:1cxx_generic_lambdas
    Feature record: CXX_FEATURE:1cxx_inheriting_constructors
    Feature record: CXX_FEATURE:1cxx_inline_namespaces
    Feature record: CXX_FEATURE:1cxx_lambdas
    Feature record: CXX_FEATURE:1cxx_lambda_init_captures
    Feature record: CXX_FEATURE:1cxx_local_type_template_args
    Feature record: CXX_FEATURE:1cxx_long_long_type
    Feature record: CXX_FEATURE:1cxx_noexcept
    Feature record: CXX_FEATURE:1cxx_nonstatic_member_init
    Feature record: CXX_FEATURE:1cxx_nullptr
    Feature record: CXX_FEATURE:1cxx_override
    Feature record: CXX_FEATURE:1cxx_range_for
    Feature record: CXX_FEATURE:1cxx_raw_string_literals
    Feature record: CXX_FEATURE:1cxx_reference_qualified_functions
    Feature record: CXX_FEATURE:1cxx_relaxed_constexpr
    Feature record: CXX_FEATURE:1cxx_return_type_deduction
    Feature record: CXX_FEATURE:1cxx_right_angle_brackets
    Feature record: CXX_FEATURE:1cxx_rvalue_references
    Feature record: CXX_FEATURE:1cxx_sizeof_member
    Feature record: CXX_FEATURE:1cxx_static_assert
    Feature record: CXX_FEATURE:1cxx_strong_enums
    Feature record: CXX_FEATURE:1cxx_template_template_parameters
    Feature record: CXX_FEATURE:1cxx_thread_local
    Feature record: CXX_FEATURE:1cxx_trailing_return_types
    Feature record: CXX_FEATURE:1cxx_unicode_literals
    Feature record: CXX_FEATURE:1cxx_uniform_initialization
    Feature record: CXX_FEATURE:1cxx_unrestricted_unions
    Feature record: CXX_FEATURE:1cxx_user_literals
    Feature record: CXX_FEATURE:1cxx_variable_templates
    Feature record: CXX_FEATURE:1cxx_variadic_macros
    Feature record: CXX_FEATURE:1cxx_variadic_templates


Detecting CXX [-std=c++14] compiler features compiled with the following output:
Change Dir: /home/jksun/testrump/helo/rumprun_bld/CMakeFiles/CMakeTmp

Run Build Command:"/usr/bin/make" "cmTC_34516/fast"
/usr/bin/make -f CMakeFiles/cmTC_34516.dir/build.make CMakeFiles/cmTC_34516.dir/build
make[1] : on entre dans le répertoire « /home/jksun/testrump/helo/rumprun_bld/CMakeFiles/CMakeTmp »
Building CXX object CMakeFiles/cmTC_34516.dir/feature_tests.cxx.obj
/home/jksun/rumprun/./rumprun/bin/x86_64-rumprun-netbsd-g++    -std=c++14 -o CMakeFiles/cmTC_34516.dir/feature_tests.cxx.obj -c /home/jksun/testrump/helo/rumprun_bld/CMakeFiles/feature_tests.cxx
Linking CXX executable cmTC_34516
/usr/bin/cmake -E cmake_link_script CMakeFiles/cmTC_34516.dir/link.txt --verbose=1
/home/jksun/rumprun/./rumprun/bin/x86_64-rumprun-netbsd-g++       CMakeFiles/cmTC_34516.dir/feature_tests.cxx.obj  -o cmTC_34516 
make[1] : on quitte le répertoire « /home/jksun/testrump/helo/rumprun_bld/CMakeFiles/CMakeTmp »


    Feature record: CXX_FEATURE:1cxx_aggregate_default_initializers
    Feature record: CXX_FEATURE:1cxx_alias_templates
    Feature record: CXX_FEATURE:1cxx_alignas
    Feature record: CXX_FEATURE:1cxx_alignof
    Feature record: CXX_FEATURE:1cxx_attributes
    Feature record: CXX_FEATURE:1cxx_attribute_deprecated
    Feature record: CXX_FEATURE:1cxx_auto_type
    Feature record: CXX_FEATURE:1cxx_binary_literals
    Feature record: CXX_FEATURE:1cxx_constexpr
    Feature record: CXX_FEATURE:1cxx_contextual_conversions
    Feature record: CXX_FEATURE:1cxx_decltype
    Feature record: CXX_FEATURE:1cxx_decltype_auto
    Feature record: CXX_FEATURE:1cxx_decltype_incomplete_return_types
    Feature record: CXX_FEATURE:1cxx_default_function_template_args
    Feature record: CXX_FEATURE:1cxx_defaulted_functions
    Feature record: CXX_FEATURE:1cxx_defaulted_move_initializers
    Feature record: CXX_FEATURE:1cxx_delegating_constructors
    Feature record: CXX_FEATURE:1cxx_deleted_functions
    Feature record: CXX_FEATURE:1cxx_digit_separators
    Feature record: CXX_FEATURE:1cxx_enum_forward_declarations
    Feature record: CXX_FEATURE:1cxx_explicit_conversions
    Feature record: CXX_FEATURE:1cxx_extended_friend_declarations
    Feature record: CXX_FEATURE:1cxx_extern_templates
    Feature record: CXX_FEATURE:1cxx_final
    Feature record: CXX_FEATURE:1cxx_func_identifier
    Feature record: CXX_FEATURE:1cxx_generalized_initializers
    Feature record: CXX_FEATURE:1cxx_generic_lambdas
    Feature record: CXX_FEATURE:1cxx_inheriting_constructors
    Feature record: CXX_FEATURE:1cxx_inline_namespaces
    Feature record: CXX_FEATURE:1cxx_lambdas
    Feature record: CXX_FEATURE:1cxx_lambda_init_captures
    Feature record: CXX_FEATURE:1cxx_local_type_template_args
    Feature record: CXX_FEATURE:1cxx_long_long_type
    Feature record: CXX_FEATURE:1cxx_noexcept
    Feature record: CXX_FEATURE:1cxx_nonstatic_member_init
    Feature record: CXX_FEATURE:1cxx_nullptr
    Feature record: CXX_FEATURE:1cxx_override
    Feature record: CXX_FEATURE:1cxx_range_for
    Feature record: CXX_FEATURE:1cxx_raw_string_literals
    Feature record: CXX_FEATURE:1cxx_reference_qualified_functions
    Feature record: CXX_FEATURE:1cxx_relaxed_constexpr
    Feature record: CXX_FEATURE:1cxx_return_type_deduction
    Feature record: CXX_FEATURE:1cxx_right_angle_brackets
    Feature record: CXX_FEATURE:1cxx_rvalue_references
    Feature record: CXX_FEATURE:1cxx_sizeof_member
    Feature record: CXX_FEATURE:1cxx_static_assert
    Feature record: CXX_FEATURE:1cxx_strong_enums
    Feature record: CXX_FEATURE:1cxx_template_template_parameters
    Feature record: CXX_FEATURE:1cxx_thread_local
    Feature record: CXX_FEATURE:1cxx_trailing_return_types
    Feature record: CXX_FEATURE:1cxx_unicode_literals
    Feature record: CXX_FEATURE:1cxx_uniform_initialization
    Feature record: CXX_FEATURE:1cxx_unrestricted_unions
    Feature record: CXX_FEATURE:1cxx_user_literals
    Feature record: CXX_FEATURE:1cxx_variable_templates
    Feature record: CXX_FEATURE:1cxx_variadic_macros
    Feature record: CXX_FEATURE:1cxx_variadic_templates


Detecting CXX [-std=c++11] compiler features compiled with the following output:
Change Dir: /home/jksun/testrump/helo/rumprun_bld/CMakeFiles/CMakeTmp

Run Build Command:"/usr/bin/make" "cmTC_499b9/fast"
/usr/bin/make -f CMakeFiles/cmTC_499b9.dir/build.make CMakeFiles/cmTC_499b9.dir/build
make[1] : on entre dans le répertoire « /home/jksun/testrump/helo/rumprun_bld/CMakeFiles/CMakeTmp »
Building CXX object CMakeFiles/cmTC_499b9.dir/feature_tests.cxx.obj
/home/jksun/rumprun/./rumprun/bin/x86_64-rumprun-netbsd-g++    -std=c++11 -o CMakeFiles/cmTC_499b9.dir/feature_tests.cxx.obj -c /home/jksun/testrump/helo/rumprun_bld/CMakeFiles/feature_tests.cxx
Linking CXX executable cmTC_499b9
/usr/bin/cmake -E cmake_link_script CMakeFiles/cmTC_499b9.dir/link.txt --verbose=1
/home/jksun/rumprun/./rumprun/bin/x86_64-rumprun-netbsd-g++       CMakeFiles/cmTC_499b9.dir/feature_tests.cxx.obj  -o cmTC_499b9 
make[1] : on quitte le répertoire « /home/jksun/testrump/helo/rumprun_bld/CMakeFiles/CMakeTmp »


    Feature record: CXX_FEATURE:0cxx_aggregate_default_initializers
    Feature record: CXX_FEATURE:1cxx_alias_templates
    Feature record: CXX_FEATURE:1cxx_alignas
    Feature record: CXX_FEATURE:1cxx_alignof
    Feature record: CXX_FEATURE:1cxx_attributes
    Feature record: CXX_FEATURE:0cxx_attribute_deprecated
    Feature record: CXX_FEATURE:1cxx_auto_type
    Feature record: CXX_FEATURE:0cxx_binary_literals
    Feature record: CXX_FEATURE:1cxx_constexpr
    Feature record: CXX_FEATURE:0cxx_contextual_conversions
    Feature record: CXX_FEATURE:1cxx_decltype
    Feature record: CXX_FEATURE:0cxx_decltype_auto
    Feature record: CXX_FEATURE:1cxx_decltype_incomplete_return_types
    Feature record: CXX_FEATURE:1cxx_default_function_template_args
    Feature record: CXX_FEATURE:1cxx_defaulted_functions
    Feature record: CXX_FEATURE:1cxx_defaulted_move_initializers
    Feature record: CXX_FEATURE:1cxx_delegating_constructors
    Feature record: CXX_FEATURE:1cxx_deleted_functions
    Feature record: CXX_FEATURE:0cxx_digit_separators
    Feature record: CXX_FEATURE:1cxx_enum_forward_declarations
    Feature record: CXX_FEATURE:1cxx_explicit_conversions
    Feature record: CXX_FEATURE:1cxx_extended_friend_declarations
    Feature record: CXX_FEATURE:1cxx_extern_templates
    Feature record: CXX_FEATURE:1cxx_final
    Feature record: CXX_FEATURE:1cxx_func_identifier
    Feature record: CXX_FEATURE:1cxx_generalized_initializers
    Feature record: CXX_FEATURE:0cxx_generic_lambdas
    Feature record: CXX_FEATURE:1cxx_inheriting_constructors
    Feature record: CXX_FEATURE:1cxx_inline_namespaces
    Feature record: CXX_FEATURE:1cxx_lambdas
    Feature record: CXX_FEATURE:0cxx_lambda_init_captures
    Feature record: CXX_FEATURE:1cxx_local_type_template_args
    Feature record: CXX_FEATURE:1cxx_long_long_type
    Feature record: CXX_FEATURE:1cxx_noexcept
    Feature record: CXX_FEATURE:1cxx_nonstatic_member_init
    Feature record: CXX_FEATURE:1cxx_nullptr
    Feature record: CXX_FEATURE:1cxx_override
    Feature record: CXX_FEATURE:1cxx_range_for
    Feature record: CXX_FEATURE:1cxx_raw_string_literals
    Feature record: CXX_FEATURE:1cxx_reference_qualified_functions
    Feature record: CXX_FEATURE:0cxx_relaxed_constexpr
    Feature record: CXX_FEATURE:0cxx_return_type_deduction
    Feature record: CXX_FEATURE:1cxx_right_angle_brackets
    Feature record: CXX_FEATURE:1cxx_rvalue_references
    Feature record: CXX_FEATURE:1cxx_sizeof_member
    Feature record: CXX_FEATURE:1cxx_static_assert
    Feature record: CXX_FEATURE:1cxx_strong_enums
    Feature record: CXX_FEATURE:1cxx_template_template_parameters
    Feature record: CXX_FEATURE:1cxx_thread_local
    Feature record: CXX_FEATURE:1cxx_trailing_return_types
    Feature record: CXX_FEATURE:1cxx_unicode_literals
    Feature record: CXX_FEATURE:1cxx_uniform_initialization
    Feature record: CXX_FEATURE:1cxx_unrestricted_unions
    Feature record: CXX_FEATURE:1cxx_user_literals
    Feature record: CXX_FEATURE:0cxx_variable_templates
    Feature record: CXX_FEATURE:1cxx_variadic_macros
    Feature record: CXX_FEATURE:1cxx_variadic_templates


Detecting CXX [-std=c++98] compiler features compiled with the following output:
Change Dir: /home/jksun/testrump/helo/rumprun_bld/CMakeFiles/CMakeTmp

Run Build Command:"/usr/bin/make" "cmTC_09d75/fast"
/usr/bin/make -f CMakeFiles/cmTC_09d75.dir/build.make CMakeFiles/cmTC_09d75.dir/build
make[1] : on entre dans le répertoire « /home/jksun/testrump/helo/rumprun_bld/CMakeFiles/CMakeTmp »
Building CXX object CMakeFiles/cmTC_09d75.dir/feature_tests.cxx.obj
/home/jksun/rumprun/./rumprun/bin/x86_64-rumprun-netbsd-g++    -std=c++98 -o CMakeFiles/cmTC_09d75.dir/feature_tests.cxx.obj -c /home/jksun/testrump/helo/rumprun_bld/CMakeFiles/feature_tests.cxx
Linking CXX executable cmTC_09d75
/usr/bin/cmake -E cmake_link_script CMakeFiles/cmTC_09d75.dir/link.txt --verbose=1
/home/jksun/rumprun/./rumprun/bin/x86_64-rumprun-netbsd-g++       CMakeFiles/cmTC_09d75.dir/feature_tests.cxx.obj  -o cmTC_09d75 
make[1] : on quitte le répertoire « /home/jksun/testrump/helo/rumprun_bld/CMakeFiles/CMakeTmp »


    Feature record: CXX_FEATURE:0cxx_aggregate_default_initializers
    Feature record: CXX_FEATURE:0cxx_alias_templates
    Feature record: CXX_FEATURE:0cxx_alignas
    Feature record: CXX_FEATURE:0cxx_alignof
    Feature record: CXX_FEATURE:0cxx_attributes
    Feature record: CXX_FEATURE:0cxx_attribute_deprecated
    Feature record: CXX_FEATURE:0cxx_auto_type
    Feature record: CXX_FEATURE:0cxx_binary_literals
    Feature record: CXX_FEATURE:0cxx_constexpr
    Feature record: CXX_FEATURE:0cxx_contextual_conversions
    Feature record: CXX_FEATURE:0cxx_decltype
    Feature record: CXX_FEATURE:0cxx_decltype_auto
    Feature record: CXX_FEATURE:0cxx_decltype_incomplete_return_types
    Feature record: CXX_FEATURE:0cxx_default_function_template_args
    Feature record: CXX_FEATURE:0cxx_defaulted_functions
    Feature record: CXX_FEATURE:0cxx_defaulted_move_initializers
    Feature record: CXX_FEATURE:0cxx_delegating_constructors
    Feature record: CXX_FEATURE:0cxx_deleted_functions
    Feature record: CXX_FEATURE:0cxx_digit_separators
    Feature record: CXX_FEATURE:0cxx_enum_forward_declarations
    Feature record: CXX_FEATURE:0cxx_explicit_conversions
    Feature record: CXX_FEATURE:0cxx_extended_friend_declarations
    Feature record: CXX_FEATURE:0cxx_extern_templates
    Feature record: CXX_FEATURE:0cxx_final
    Feature record: CXX_FEATURE:0cxx_func_identifier
    Feature record: CXX_FEATURE:0cxx_generalized_initializers
    Feature record: CXX_FEATURE:0cxx_generic_lambdas
    Feature record: CXX_FEATURE:0cxx_inheriting_constructors
    Feature record: CXX_FEATURE:0cxx_inline_namespaces
    Feature record: CXX_FEATURE:0cxx_lambdas
    Feature record: CXX_FEATURE:0cxx_lambda_init_captures
    Feature record: CXX_FEATURE:0cxx_local_type_template_args
    Feature record: CXX_FEATURE:0cxx_long_long_type
    Feature record: CXX_FEATURE:0cxx_noexcept
    Feature record: CXX_FEATURE:0cxx_nonstatic_member_init
    Feature record: CXX_FEATURE:0cxx_nullptr
    Feature record: CXX_FEATURE:0cxx_override
    Feature record: CXX_FEATURE:0cxx_range_for
    Feature record: CXX_FEATURE:0cxx_raw_string_literals
    Feature record: CXX_FEATURE:0cxx_reference_qualified_functions
    Feature record: CXX_FEATURE:0cxx_relaxed_constexpr
    Feature record: CXX_FEATURE:0cxx_return_type_deduction
    Feature record: CXX_FEATURE:0cxx_right_angle_brackets
    Feature record: CXX_FEATURE:0cxx_rvalue_references
    Feature record: CXX_FEATURE:0cxx_sizeof_member
    Feature record: CXX_FEATURE:0cxx_static_assert
    Feature record: CXX_FEATURE:0cxx_strong_enums
    Feature record: CXX_FEATURE:1cxx_template_template_parameters
    Feature record: CXX_FEATURE:0cxx_thread_local
    Feature record: CXX_FEATURE:0cxx_trailing_return_types
    Feature record: CXX_FEATURE:0cxx_unicode_literals
    Feature record: CXX_FEATURE:0cxx_uniform_initialization
    Feature record: CXX_FEATURE:0cxx_unrestricted_unions
    Feature record: CXX_FEATURE:0cxx_user_literals
    Feature record: CXX_FEATURE:0cxx_variable_templates
    Feature record: CXX_FEATURE:0cxx_variadic_macros
    Feature record: CXX_FEATURE:0cxx_variadic_templates
